[     664ms] Error: Minified React error #418; visit https://reactjs.org/docs/error-decoder.html?invariant=418 for the full message or use the non-minified dev environment for full errors and additional helpful warnings.
    at Mu (https://ajaiupadhyaya.github.io/quant-resources/build/_shared/chunk-JJXTQVMA.js:6:4788)
    at pc (https://ajaiupadhyaya.github.io/quant-resources/build/_shared/chunk-JJXTQVMA.js:8:45236)
    at cc (https://ajaiupadhyaya.github.io/quant-resources/build/_shared/chunk-JJXTQVMA.js:8:39465)
    at Od (https://ajaiupadhyaya.github.io/quant-resources/build/_shared/chunk-JJXTQVMA.js:8:39438)
    at ic (https://ajaiupadhyaya.github.io/quant-resources/build/_shared/chunk-JJXTQVMA.js:8:34502)
    at Il (https://ajaiupadhyaya.github.io/quant-resources/build/_shared/chunk-JJXTQVMA.js:1:8299)
    at MessagePort.Ll (https://ajaiupadhyaya.github.io/quant-resources/build/_shared/chunk-JJXTQVMA.js:1:8689)
[     680ms] Error: Minified React error #418; visit https://reactjs.org/docs/error-decoder.html?invariant=418 for the full message or use the non-minified dev environment for full errors and additional helpful warnings.
    at Mu (https://ajaiupadhyaya.github.io/quant-resources/build/_shared/chunk-JJXTQVMA.js:6:4788)
    at pc (https://ajaiupadhyaya.github.io/quant-resources/build/_shared/chunk-JJXTQVMA.js:8:45236)
    at cc (https://ajaiupadhyaya.github.io/quant-resources/build/_shared/chunk-JJXTQVMA.js:8:39465)
    at Od (https://ajaiupadhyaya.github.io/quant-resources/build/_shared/chunk-JJXTQVMA.js:8:39438)
    at ic (https://ajaiupadhyaya.github.io/quant-resources/build/_shared/chunk-JJXTQVMA.js:8:34502)
    at Il (https://ajaiupadhyaya.github.io/quant-resources/build/_shared/chunk-JJXTQVMA.js:1:8299)
    at MessagePort.Ll (https://ajaiupadhyaya.github.io/quant-resources/build/_shared/chunk-JJXTQVMA.js:1:8689)
[     680ms] Error: Minified React error #418; visit https://reactjs.org/docs/error-decoder.html?invariant=418 for the full message or use the non-minified dev environment for full errors and additional helpful warnings.
    at Mu (https://ajaiupadhyaya.github.io/quant-resources/build/_shared/chunk-JJXTQVMA.js:6:4788)
    at pc (https://ajaiupadhyaya.github.io/quant-resources/build/_shared/chunk-JJXTQVMA.js:8:45236)
    at cc (https://ajaiupadhyaya.github.io/quant-resources/build/_shared/chunk-JJXTQVMA.js:8:39465)
    at Od (https://ajaiupadhyaya.github.io/quant-resources/build/_shared/chunk-JJXTQVMA.js:8:39438)
    at ic (https://ajaiupadhyaya.github.io/quant-resources/build/_shared/chunk-JJXTQVMA.js:8:34502)
    at Il (https://ajaiupadhyaya.github.io/quant-resources/build/_shared/chunk-JJXTQVMA.js:1:8299)
    at MessagePort.Ll (https://ajaiupadhyaya.github.io/quant-resources/build/_shared/chunk-JJXTQVMA.js:1:8689)
[     680ms] Error: Minified React error #418; visit https://reactjs.org/docs/error-decoder.html?invariant=418 for the full message or use the non-minified dev environment for full errors and additional helpful warnings.
    at Mu (https://ajaiupadhyaya.github.io/quant-resources/build/_shared/chunk-JJXTQVMA.js:6:4788)
    at pc (https://ajaiupadhyaya.github.io/quant-resources/build/_shared/chunk-JJXTQVMA.js:8:45236)
    at cc (https://ajaiupadhyaya.github.io/quant-resources/build/_shared/chunk-JJXTQVMA.js:8:39465)
    at Od (https://ajaiupadhyaya.github.io/quant-resources/build/_shared/chunk-JJXTQVMA.js:8:39438)
    at ic (https://ajaiupadhyaya.github.io/quant-resources/build/_shared/chunk-JJXTQVMA.js:8:34502)
    at Il (https://ajaiupadhyaya.github.io/quant-resources/build/_shared/chunk-JJXTQVMA.js:1:8299)
    at MessagePort.Ll (https://ajaiupadhyaya.github.io/quant-resources/build/_shared/chunk-JJXTQVMA.js:1:8689)
[     680ms] Error: Minified React error #418; visit https://reactjs.org/docs/error-decoder.html?invariant=418 for the full message or use the non-minified dev environment for full errors and additional helpful warnings.
    at Mu (https://ajaiupadhyaya.github.io/quant-resources/build/_shared/chunk-JJXTQVMA.js:6:4788)
    at pc (https://ajaiupadhyaya.github.io/quant-resources/build/_shared/chunk-JJXTQVMA.js:8:45236)
    at cc (https://ajaiupadhyaya.github.io/quant-resources/build/_shared/chunk-JJXTQVMA.js:8:39465)
    at Od (https://ajaiupadhyaya.github.io/quant-resources/build/_shared/chunk-JJXTQVMA.js:8:39438)
    at ic (https://ajaiupadhyaya.github.io/quant-resources/build/_shared/chunk-JJXTQVMA.js:8:34502)
    at Il (https://ajaiupadhyaya.github.io/quant-resources/build/_shared/chunk-JJXTQVMA.js:1:8299)
    at MessagePort.Ll (https://ajaiupadhyaya.github.io/quant-resources/build/_shared/chunk-JJXTQVMA.js:1:8689)
[     680ms] Error: Minified React error #418; visit https://reactjs.org/docs/error-decoder.html?invariant=418 for the full message or use the non-minified dev environment for full errors and additional helpful warnings.
    at Mu (https://ajaiupadhyaya.github.io/quant-resources/build/_shared/chunk-JJXTQVMA.js:6:4788)
    at pc (https://ajaiupadhyaya.github.io/quant-resources/build/_shared/chunk-JJXTQVMA.js:8:45236)
    at cc (https://ajaiupadhyaya.github.io/quant-resources/build/_shared/chunk-JJXTQVMA.js:8:39465)
    at Od (https://ajaiupadhyaya.github.io/quant-resources/build/_shared/chunk-JJXTQVMA.js:8:39438)
    at ic (https://ajaiupadhyaya.github.io/quant-resources/build/_shared/chunk-JJXTQVMA.js:8:34502)
    at Il (https://ajaiupadhyaya.github.io/quant-resources/build/_shared/chunk-JJXTQVMA.js:1:8299)
    at MessagePort.Ll (https://ajaiupadhyaya.github.io/quant-resources/build/_shared/chunk-JJXTQVMA.js:1:8689)
[     680ms] Error: Minified React error #418; visit https://reactjs.org/docs/error-decoder.html?invariant=418 for the full message or use the non-minified dev environment for full errors and additional helpful warnings.
    at Mu (https://ajaiupadhyaya.github.io/quant-resources/build/_shared/chunk-JJXTQVMA.js:6:4788)
    at pc (https://ajaiupadhyaya.github.io/quant-resources/build/_shared/chunk-JJXTQVMA.js:8:45236)
    at cc (https://ajaiupadhyaya.github.io/quant-resources/build/_shared/chunk-JJXTQVMA.js:8:39465)
    at Od (https://ajaiupadhyaya.github.io/quant-resources/build/_shared/chunk-JJXTQVMA.js:8:39438)
    at ic (https://ajaiupadhyaya.github.io/quant-resources/build/_shared/chunk-JJXTQVMA.js:8:34502)
    at Il (https://ajaiupadhyaya.github.io/quant-resources/build/_shared/chunk-JJXTQVMA.js:1:8299)
    at MessagePort.Ll (https://ajaiupadhyaya.github.io/quant-resources/build/_shared/chunk-JJXTQVMA.js:1:8689)
[     680ms] Error: Minified React error #418; visit https://reactjs.org/docs/error-decoder.html?invariant=418 for the full message or use the non-minified dev environment for full errors and additional helpful warnings.
    at Mu (https://ajaiupadhyaya.github.io/quant-resources/build/_shared/chunk-JJXTQVMA.js:6:4788)
    at pc (https://ajaiupadhyaya.github.io/quant-resources/build/_shared/chunk-JJXTQVMA.js:8:45236)
    at cc (https://ajaiupadhyaya.github.io/quant-resources/build/_shared/chunk-JJXTQVMA.js:8:39465)
    at Od (https://ajaiupadhyaya.github.io/quant-resources/build/_shared/chunk-JJXTQVMA.js:8:39438)
    at ic (https://ajaiupadhyaya.github.io/quant-resources/build/_shared/chunk-JJXTQVMA.js:8:34502)
    at Il (https://ajaiupadhyaya.github.io/quant-resources/build/_shared/chunk-JJXTQVMA.js:1:8299)
    at MessagePort.Ll (https://ajaiupadhyaya.github.io/quant-resources/build/_shared/chunk-JJXTQVMA.js:1:8689)
[     680ms] Error: Minified React error #418; visit https://reactjs.org/docs/error-decoder.html?invariant=418 for the full message or use the non-minified dev environment for full errors and additional helpful warnings.
    at Mu (https://ajaiupadhyaya.github.io/quant-resources/build/_shared/chunk-JJXTQVMA.js:6:4788)
    at pc (https://ajaiupadhyaya.github.io/quant-resources/build/_shared/chunk-JJXTQVMA.js:8:45236)
    at cc (https://ajaiupadhyaya.github.io/quant-resources/build/_shared/chunk-JJXTQVMA.js:8:39465)
    at Od (https://ajaiupadhyaya.github.io/quant-resources/build/_shared/chunk-JJXTQVMA.js:8:39438)
    at ic (https://ajaiupadhyaya.github.io/quant-resources/build/_shared/chunk-JJXTQVMA.js:8:34502)
    at Il (https://ajaiupadhyaya.github.io/quant-resources/build/_shared/chunk-JJXTQVMA.js:1:8299)
    at MessagePort.Ll (https://ajaiupadhyaya.github.io/quant-resources/build/_shared/chunk-JJXTQVMA.js:1:8689)
[     680ms] Error: Minified React error #418; visit https://reactjs.org/docs/error-decoder.html?invariant=418 for the full message or use the non-minified dev environment for full errors and additional helpful warnings.
    at Mu (https://ajaiupadhyaya.github.io/quant-resources/build/_shared/chunk-JJXTQVMA.js:6:4788)
    at pc (https://ajaiupadhyaya.github.io/quant-resources/build/_shared/chunk-JJXTQVMA.js:8:45236)
    at cc (https://ajaiupadhyaya.github.io/quant-resources/build/_shared/chunk-JJXTQVMA.js:8:39465)
    at Od (https://ajaiupadhyaya.github.io/quant-resources/build/_shared/chunk-JJXTQVMA.js:8:39438)
    at ic (https://ajaiupadhyaya.github.io/quant-resources/build/_shared/chunk-JJXTQVMA.js:8:34502)
    at Il (https://ajaiupadhyaya.github.io/quant-resources/build/_shared/chunk-JJXTQVMA.js:1:8299)
    at MessagePort.Ll (https://ajaiupadhyaya.github.io/quant-resources/build/_shared/chunk-JJXTQVMA.js:1:8689)
[     680ms] Error: Minified React error #418; visit https://reactjs.org/docs/error-decoder.html?invariant=418 for the full message or use the non-minified dev environment for full errors and additional helpful warnings.
    at Mu (https://ajaiupadhyaya.github.io/quant-resources/build/_shared/chunk-JJXTQVMA.js:6:4788)
    at pc (https://ajaiupadhyaya.github.io/quant-resources/build/_shared/chunk-JJXTQVMA.js:8:45236)
    at cc (https://ajaiupadhyaya.github.io/quant-resources/build/_shared/chunk-JJXTQVMA.js:8:39465)
    at Od (https://ajaiupadhyaya.github.io/quant-resources/build/_shared/chunk-JJXTQVMA.js:8:39438)
    at ic (https://ajaiupadhyaya.github.io/quant-resources/build/_shared/chunk-JJXTQVMA.js:8:34502)
    at Il (https://ajaiupadhyaya.github.io/quant-resources/build/_shared/chunk-JJXTQVMA.js:1:8299)
    at MessagePort.Ll (https://ajaiupadhyaya.github.io/quant-resources/build/_shared/chunk-JJXTQVMA.js:1:8689)
[     680ms] Error: Minified React error #418; visit https://reactjs.org/docs/error-decoder.html?invariant=418 for the full message or use the non-minified dev environment for full errors and additional helpful warnings.
    at Mu (https://ajaiupadhyaya.github.io/quant-resources/build/_shared/chunk-JJXTQVMA.js:6:4788)
    at pc (https://ajaiupadhyaya.github.io/quant-resources/build/_shared/chunk-JJXTQVMA.js:8:45236)
    at cc (https://ajaiupadhyaya.github.io/quant-resources/build/_shared/chunk-JJXTQVMA.js:8:39465)
    at Od (https://ajaiupadhyaya.github.io/quant-resources/build/_shared/chunk-JJXTQVMA.js:8:39438)
    at ic (https://ajaiupadhyaya.github.io/quant-resources/build/_shared/chunk-JJXTQVMA.js:8:34502)
    at Il (https://ajaiupadhyaya.github.io/quant-resources/build/_shared/chunk-JJXTQVMA.js:1:8299)
    at MessagePort.Ll (https://ajaiupadhyaya.github.io/quant-resources/build/_shared/chunk-JJXTQVMA.js:1:8689)
[     680ms] Error: Minified React error #418; visit https://reactjs.org/docs/error-decoder.html?invariant=418 for the full message or use the non-minified dev environment for full errors and additional helpful warnings.
    at Mu (https://ajaiupadhyaya.github.io/quant-resources/build/_shared/chunk-JJXTQVMA.js:6:4788)
    at pc (https://ajaiupadhyaya.github.io/quant-resources/build/_shared/chunk-JJXTQVMA.js:8:45236)
    at cc (https://ajaiupadhyaya.github.io/quant-resources/build/_shared/chunk-JJXTQVMA.js:8:39465)
    at Od (https://ajaiupadhyaya.github.io/quant-resources/build/_shared/chunk-JJXTQVMA.js:8:39438)
    at ic (https://ajaiupadhyaya.github.io/quant-resources/build/_shared/chunk-JJXTQVMA.js:8:34502)
    at Il (https://ajaiupadhyaya.github.io/quant-resources/build/_shared/chunk-JJXTQVMA.js:1:8299)
    at MessagePort.Ll (https://ajaiupadhyaya.github.io/quant-resources/build/_shared/chunk-JJXTQVMA.js:1:8689)
[     680ms] Error: Minified React error #418; visit https://reactjs.org/docs/error-decoder.html?invariant=418 for the full message or use the non-minified dev environment for full errors and additional helpful warnings.
    at Mu (https://ajaiupadhyaya.github.io/quant-resources/build/_shared/chunk-JJXTQVMA.js:6:4788)
    at pc (https://ajaiupadhyaya.github.io/quant-resources/build/_shared/chunk-JJXTQVMA.js:8:45236)
    at cc (https://ajaiupadhyaya.github.io/quant-resources/build/_shared/chunk-JJXTQVMA.js:8:39465)
    at Od (https://ajaiupadhyaya.github.io/quant-resources/build/_shared/chunk-JJXTQVMA.js:8:39438)
    at ic (https://ajaiupadhyaya.github.io/quant-resources/build/_shared/chunk-JJXTQVMA.js:8:34502)
    at Il (https://ajaiupadhyaya.github.io/quant-resources/build/_shared/chunk-JJXTQVMA.js:1:8299)
    at MessagePort.Ll (https://ajaiupadhyaya.github.io/quant-resources/build/_shared/chunk-JJXTQVMA.js:1:8689)
[     680ms] Error: Minified React error #418; visit https://reactjs.org/docs/error-decoder.html?invariant=418 for the full message or use the non-minified dev environment for full errors and additional helpful warnings.
    at Mu (https://ajaiupadhyaya.github.io/quant-resources/build/_shared/chunk-JJXTQVMA.js:6:4788)
    at pc (https://ajaiupadhyaya.github.io/quant-resources/build/_shared/chunk-JJXTQVMA.js:8:45236)
    at cc (https://ajaiupadhyaya.github.io/quant-resources/build/_shared/chunk-JJXTQVMA.js:8:39465)
    at Od (https://ajaiupadhyaya.github.io/quant-resources/build/_shared/chunk-JJXTQVMA.js:8:39438)
    at ic (https://ajaiupadhyaya.github.io/quant-resources/build/_shared/chunk-JJXTQVMA.js:8:34502)
    at Il (https://ajaiupadhyaya.github.io/quant-resources/build/_shared/chunk-JJXTQVMA.js:1:8299)
    at MessagePort.Ll (https://ajaiupadhyaya.github.io/quant-resources/build/_shared/chunk-JJXTQVMA.js:1:8689)
[     680ms] Error: Minified React error #418; visit https://reactjs.org/docs/error-decoder.html?invariant=418 for the full message or use the non-minified dev environment for full errors and additional helpful warnings.
    at Mu (https://ajaiupadhyaya.github.io/quant-resources/build/_shared/chunk-JJXTQVMA.js:6:4788)
    at pc (https://ajaiupadhyaya.github.io/quant-resources/build/_shared/chunk-JJXTQVMA.js:8:45236)
    at cc (https://ajaiupadhyaya.github.io/quant-resources/build/_shared/chunk-JJXTQVMA.js:8:39465)
    at Od (https://ajaiupadhyaya.github.io/quant-resources/build/_shared/chunk-JJXTQVMA.js:8:39438)
    at ic (https://ajaiupadhyaya.github.io/quant-resources/build/_shared/chunk-JJXTQVMA.js:8:34502)
    at Il (https://ajaiupadhyaya.github.io/quant-resources/build/_shared/chunk-JJXTQVMA.js:1:8299)
    at MessagePort.Ll (https://ajaiupadhyaya.github.io/quant-resources/build/_shared/chunk-JJXTQVMA.js:1:8689)
[     680ms] Error: Minified React error #418; visit https://reactjs.org/docs/error-decoder.html?invariant=418 for the full message or use the non-minified dev environment for full errors and additional helpful warnings.
    at Mu (https://ajaiupadhyaya.github.io/quant-resources/build/_shared/chunk-JJXTQVMA.js:6:4788)
    at pc (https://ajaiupadhyaya.github.io/quant-resources/build/_shared/chunk-JJXTQVMA.js:8:45236)
    at cc (https://ajaiupadhyaya.github.io/quant-resources/build/_shared/chunk-JJXTQVMA.js:8:39465)
    at Od (https://ajaiupadhyaya.github.io/quant-resources/build/_shared/chunk-JJXTQVMA.js:8:39438)
    at ic (https://ajaiupadhyaya.github.io/quant-resources/build/_shared/chunk-JJXTQVMA.js:8:34502)
    at Il (https://ajaiupadhyaya.github.io/quant-resources/build/_shared/chunk-JJXTQVMA.js:1:8299)
    at MessagePort.Ll (https://ajaiupadhyaya.github.io/quant-resources/build/_shared/chunk-JJXTQVMA.js:1:8689)
[     680ms] Error: Minified React error #418; visit https://reactjs.org/docs/error-decoder.html?invariant=418 for the full message or use the non-minified dev environment for full errors and additional helpful warnings.
    at Mu (https://ajaiupadhyaya.github.io/quant-resources/build/_shared/chunk-JJXTQVMA.js:6:4788)
    at pc (https://ajaiupadhyaya.github.io/quant-resources/build/_shared/chunk-JJXTQVMA.js:8:45236)
    at cc (https://ajaiupadhyaya.github.io/quant-resources/build/_shared/chunk-JJXTQVMA.js:8:39465)
    at Od (https://ajaiupadhyaya.github.io/quant-resources/build/_shared/chunk-JJXTQVMA.js:8:39438)
    at ic (https://ajaiupadhyaya.github.io/quant-resources/build/_shared/chunk-JJXTQVMA.js:8:34502)
    at Il (https://ajaiupadhyaya.github.io/quant-resources/build/_shared/chunk-JJXTQVMA.js:1:8299)
    at MessagePort.Ll (https://ajaiupadhyaya.github.io/quant-resources/build/_shared/chunk-JJXTQVMA.js:1:8689)
[     680ms] Error: Minified React error #423; visit https://reactjs.org/docs/error-decoder.html?invariant=423 for the full message or use the non-minified dev environment for full errors and additional helpful warnings.
    at pc (https://ajaiupadhyaya.github.io/quant-resources/build/_shared/chunk-JJXTQVMA.js:8:44896)
    at cc (https://ajaiupadhyaya.github.io/quant-resources/build/_shared/chunk-JJXTQVMA.js:8:39465)
    at Rd (https://ajaiupadhyaya.github.io/quant-resources/build/_shared/chunk-JJXTQVMA.js:8:39396)
    at ul (https://ajaiupadhyaya.github.io/quant-resources/build/_shared/chunk-JJXTQVMA.js:8:39256)
    at Zu (https://ajaiupadhyaya.github.io/quant-resources/build/_shared/chunk-JJXTQVMA.js:8:35678)
    at ic (https://ajaiupadhyaya.github.io/quant-resources/build/_shared/chunk-JJXTQVMA.js:8:34634)
    at Il (https://ajaiupadhyaya.github.io/quant-resources/build/_shared/chunk-JJXTQVMA.js:1:8299)
    at MessagePort.Ll (https://ajaiupadhyaya.github.io/quant-resources/build/_shared/chunk-JJXTQVMA.js:1:8689)
[     683ms] [ERROR] Failed to load resource: the server responded with a status of 404 () @ https://ajaiupadhyaya.github.io/favicon.ico:0
